{
  "0 debug pnpm:scope": {
    "selected": 1
  },
  "1 error pnpm": {
    "code": "ELIFECYCLE",
    "errno": "ENOENT",
    "syscall": "spawn",
    "file": "sh",
    "pkgid": "csharp-converter@1.0.0",
    "stage": "build",
    "script": "webpack-cli build --config ./webpack.config.js",
    "pkgname": "csharp-converter",
    "err": {
      "name": "pnpm",
      "message": "csharp-converter@1.0.0 build: `webpack-cli build --config ./webpack.config.js`\nspawn ENOENT",
      "code": "ELIFECYCLE",
      "stack": "pnpm: csharp-converter@1.0.0 build: `webpack-cli build --config ./webpack.config.js`\nspawn ENOENT\n    at ChildProcess.<anonymous> (/Users/imiller/.nvm/versions/node/v16.13.2/lib/node_modules/pnpm/dist/pnpm.cjs:92385:22)\n    at ChildProcess.emit (node:events:390:28)\n    at maybeClose (node:internal/child_process:1064:16)\n    at Process.ChildProcess._handle.onexit (node:internal/child_process:301:5)"
    }
  },
  "2 warn pnpm:global": " Local package.json exists, but node_modules missing, did you mean to install?"
}